Arguments: 
  /Users/woonki/.nvm/versions/node/v16.1.0/bin/node /Users/woonki/.nvm/versions/node/v16.1.0/bin/yarn init

PATH: 
  /Users/woonki/.nvm/versions/node/v16.1.0/bin:/Users/woonki/.opam/default/bin:/usr/local/opt/php@7.3/sbin:/usr/local/opt/php@7.3/bin:/Users/woonki/.deno/bin:/Library/Java/JavaVirtualMachines/adoptopenjdk-8.jdk/Contents/Home:/opt/homebrew/opt/ruby/bin:/opt/homebrew/lib/ruby/gems/3.0.0/bin:/Users/woonki/bin:/opt/homebrew/bin:/Users/woonki/.local/bin:/usr/local/bin:/usr/bin:/bin:/usr/sbin:/sbin:/usr/local/go/bin:/opt/X11/bin:/Library/Apple/usr/bin:/Users/woonki/.cargo/bin:/Users/woonki/Library/Application Support/Coursier/bin:/Users/woonki/Library/Python/3.7/bin:/Users/woonki/.yarn/bin:/Users/woonki/Library/Android/sdk/emulator:/Users/woonki/Library/Android/sdk/tools:/Users/woonki/Library/Android/sdk/tools/bin:/Users/woonki/Library/Android/sdk/platform-tools:/Users/woonki/flutter/bin:/Users/woonki/flutter/.pub-cache/bin:/usr/local/go/bin:/Users/woonki/.cargo/bin:/usr/local/smlnj/bin:/Users/woonki/.stack/programs/x86_64-osx

Yarn version: 
  1.22.10

Node version: 
  16.1.0

Platform: 
  darwin arm64

Trace: 
  Error: canceled
      at Interface.<anonymous> (/Users/woonki/.nvm/versions/node/v16.1.0/lib/node_modules/yarn/lib/cli.js:136216:13)
      at Interface.emit (node:events:365:28)
      at Interface._ttyWrite (node:readline:998:16)
      at ReadStream.onkeypress (node:readline:262:10)
      at ReadStream.emit (node:events:365:28)
      at emitKeys (node:internal/readline/utils:358:14)
      at emitKeys.next (<anonymous>)
      at ReadStream.onData (node:internal/readline/emitKeypressEvents:61:36)
      at ReadStream.emit (node:events:365:28)
      at addChunk (node:internal/streams/readable:314:12)

npm manifest: 
  No manifest

yarn manifest: 
  No manifest

Lockfile: 
  No lockfile
